Busca em profundidade: 
Caminho encontrado: (0, 3) (0, 4) (0, 5) (0, 6) (0, 7) (0, 8) (0, 9) (0, 10) (0, 11) (0, 12) (0, 13) (0, 14) (1, 14) (2, 14) (3, 14) (4, 14) (5, 14) (6, 14) (7, 14) (8, 14) (8, 13) (7, 13) (6, 13) (5, 13) (4, 13) (3, 13) (2, 13) (3, 12) (4, 12) (5, 12) (6, 12) (7, 12) (8, 12) (8, 11) (7, 11) (6, 11) (5, 11) (4, 11) (3, 11) (4, 10) (3, 10) (4, 9) (3, 9) (4, 8) (3, 8) (4, 7) (3, 7) (4, 6) (3, 6) (4, 5) (3, 5) (4, 4) (3, 4) (4, 3) (3, 3) (4, 2) (3, 2) (4, 1) (3, 1) (4, 0) (5, 1) (5, 2) (5, 3) (5, 4) (5, 5) (5, 6) (5, 7) (5, 8) (5, 9) (5, 10) (6, 10) (7, 10) (8, 10) (8, 9) (7, 9) (6, 9) (7, 8) (6, 8) (7, 7) (6, 7) (7, 6) (6, 6) (7, 5) (6, 5) (7, 4) (6, 4) (7, 3) (8, 4) (8, 5) (8, 6) (8, 7) (9, 6) (10, 7) (10, 8) (10, 9) (10, 10) (10, 11) (10, 12) (10, 13) (10, 14) (11, 14) (12, 14) (12, 13) (11, 13) (12, 12) (11, 12) 
Custo do caminho 114.527
- - - - - - - - - - - - - - - - - 
| * * * 0 0 0 0 0 0 0 0 0 0 0 0 |
| * * * * * * * * * * * * * * 0 |
| - - - - - - - - - - - - - 0 0 |
| * 0 0 0 0 0 0 0 0 0 0 0 0 0 0 |
| 0 0 0 0 0 0 0 0 0 0 0 0 0 0 0 |
| * 0 0 0 0 0 0 0 0 0 0 0 0 0 0 |
| * * * * 0 0 0 0 0 0 0 0 0 0 0 |
| * * - 0 0 0 0 0 0 0 0 0 0 0 0 |
| * * - * 0 0 0 0 * 0 0 0 0 0 0 |
| * * - * * * 0 - - - - - - - - |
| * * - * * * * 0 0 0 0 0 0 0 0 |
| * * - * * * * - * * * * 0 0 0 |
| * * - * * * * - * * * * 0 0 0 |
- - - - - - - - - - - - - - - - - 
Tempo gasto: 0
Busca em largura: 
Caminho encontrado: (0, 3) (0, 4) (0, 5) (0, 6) (0, 7) (0, 8) (0, 9) (0, 10) (0, 11) (1, 12) (2, 13) (3, 12) (4, 11) (5, 10) (6, 9) (7, 8) (8, 7) (9, 6) (10, 7) (10, 8) (10, 9) (10, 10) (10, 11) (11, 12) 
Custo do caminho 27.5563
- - - - - - - - - - - - - - - - - 
| * * * 0 0 0 0 0 0 0 0 0 * * * |
| * * * * * * * * * * * * 0 * * |
| - - - - - - - - - - - - - 0 * |
| * * * * * * * * * * * * 0 * * |
| * * * * * * * * * * * 0 * * * |
| * * * * * * * * * * 0 * * * * |
| * * * * * * * * * 0 * * * * * |
| * * - * * * * * 0 * * * * * * |
| * * - * * * * 0 * * * * * * * |
| * * - * * * 0 - - - - - - - - |
| * * - * * * * 0 0 0 0 0 * * * |
| * * - * * * * - * * * * 0 * * |
| * * - * * * * - * * * * * * * |
- - - - - - - - - - - - - - - - - 
Tempo gasto: 0
Best First Search: 
Caminho encontrado: (0, 3) (1, 4) (1, 5) (1, 6) (1, 7) (1, 8) (1, 9) (1, 10) (1, 11) (1, 12) (2, 13) (3, 14) (4, 14) (5, 14) (6, 14) (7, 14) (8, 13) (8, 12) (8, 11) (8, 10) (8, 9) (8, 8) (8, 7) (9, 6) (10, 7) (11, 8) (12, 9) (12, 10) (12, 11) (11, 12) 
Custo do caminho 32.7279
- - - - - - - - - - - - - - - - - 
| * * * 0 * * * * * * * * * * * |
| * * * * 0 0 0 0 0 0 0 0 0 * * |
| - - - - - - - - - - - - - 0 * |
| * * * * * * * * * * * * * * 0 |
| * * * * * * * * * * * * * * 0 |
| * * * * * * * * * * * * * * 0 |
| * * * * * * * * * * * * * * 0 |
| * * - * * * * * * * * * * * 0 |
| * * - * * * * 0 0 0 0 0 0 0 * |
| * * - * * * 0 - - - - - - - - |
| * * - * * * * 0 * * * * * * * |
| * * - * * * * - 0 * * * 0 * * |
| * * - * * * * - * 0 0 0 * * * |
- - - - - - - - - - - - - - - - - 
Tempo gasto: 0
Busca A*:
Caminho encontrado: (0, 3) (1, 4) (1, 5) (1, 6) (1, 7) (1, 8) (1, 9) (1, 10) (1, 11) (1, 12) (2, 13) (3, 12) (4, 11) (5, 10) (6, 9) (7, 8) (8, 7) (9, 6) (10, 7) (10, 8) (10, 9) (10, 10) (10, 11) (11, 12) 
Custo do caminho 27.5563
- - - - - - - - - - - - - - - - - 
| * * * 0 * * * * * * * * * * * |
| * * * * 0 0 0 0 0 0 0 0 0 * * |
| - - - - - - - - - - - - - 0 * |
| * * * * * * * * * * * * 0 * * |
| * * * * * * * * * * * 0 * * * |
| * * * * * * * * * * 0 * * * * |
| * * * * * * * * * 0 * * * * * |
| * * - * * * * * 0 * * * * * * |
| * * - * * * * 0 * * * * * * * |
| * * - * * * 0 - - - - - - - - |
| * * - * * * * 0 0 0 0 0 * * * |
| * * - * * * * - * * * * 0 * * |
| * * - * * * * - * * * * * * * |
- - - - - - - - - - - - - - - - - 
Tempo gasto: 0
Media Busca em Profundidade: 0.000000
Media Busca em Largura: 0.000000
Media Best First Search: 0.000000
Media Busca A*: 0.000000
