Busca em profundidade: 
Caminho encontrado: (3, 1) (2, 1) (1, 1) (0, 1) (0, 2) (0, 3) (1, 4) (1, 5) (1, 6) (1, 7) (0, 8) (0, 9) (1, 9) (2, 9) (3, 9) (4, 9) (5, 9) (6, 9) (7, 9) (8, 9) (9, 9) 
Custo do caminho 20.8284
- - - - - - - - - - - - 
| * 0 0 0 - - - - 0 0 |
| * 0 - * 0 0 0 0 * 0 |
| * 0 - * - - - - * 0 |
| * 0 - * - * * * * 0 |
| * * - * - * * * * 0 |
| * * * * - * * * * 0 |
| * * * * * * * * * 0 |
| * * * * - - - - * 0 |
| * * * * * * * * - 0 |
| * * * * * * * * - 0 |
- - - - - - - - - - - - 
Tempo gasto: 0
Busca em largura: 
Caminho encontrado: (3, 1) (4, 1) (5, 2) (5, 3) (6, 4) (5, 5) (5, 6) (6, 7) (7, 8) (8, 9) (9, 9) 
Custo do caminho 12.4853
- - - - - - - - - - - - 
| * * * * - - - - * * |
| * * - * * * * * * * |
| * * - * - - - - * * |
| * 0 - * - * * * * * |
| * 0 - * - * * * * * |
| * * 0 0 - 0 0 * * * |
| * * * * 0 * * 0 * * |
| * * * * - - - - 0 * |
| * * * * * * * * - 0 |
| * * * * * * * * - 0 |
- - - - - - - - - - - - 
Tempo gasto: 0.015625
Best First Search: 
Caminho encontrado: (3, 1) (4, 1) (5, 2) (6, 3) (7, 3) (8, 4) (9, 5) (9, 6) (8, 7) (7, 8) (8, 9) (9, 9) 
Custo do caminho 13.8995
- - - - - - - - - - - - 
| * * * * - - - - * * |
| * * - * * * * * * * |
| * * - * - - - - * * |
| * 0 - * - * * * * * |
| * 0 - * - * * * * * |
| * * 0 * - * * * * * |
| * * * 0 * * * * * * |
| * * * 0 - - - - 0 * |
| * * * * 0 * * 0 - 0 |
| * * * * * 0 0 * - 0 |
- - - - - - - - - - - - 
Tempo gasto: 0
Busca A*:
Caminho não encontrado.
Tempo gasto: 0
Busca em profundidade: 
Caminho encontrado: (2, 7) (1, 7) (0, 7) (1, 8) (1, 9) (2, 9) (3, 9) (4, 9) (5, 9) (6, 9) (6, 8) (5, 8) (4, 8) (3, 8) (2, 8) (3, 7) (4, 7) (4, 6) (3, 6) (2, 6) (1, 6) (2, 5) (3, 5) (4, 5) (4, 4) (3, 4) (2, 4) (1, 4) 
Custo do caminho 28.2426
- - - - - - - - - - - - 
| * * * * * - * 0 - - |
| * * * * 0 - 0 0 0 0 |
| * * * * 0 0 0 0 0 0 |
| * * * * 0 0 0 0 0 0 |
| - * * * 0 0 0 0 0 0 |
| - * * * - - - - 0 0 |
| - * * * * * * * 0 0 |
| - * * * * * - - - - |
| * * - * * * * * * * |
| * * - * * * * * * * |
- - - - - - - - - - - - 
Tempo gasto: 0
Busca em largura: 
Caminho encontrado: (2, 7) (3, 6) (2, 5) (1, 4) 
Custo do caminho 4.24264
- - - - - - - - - - - - 
| * * * * * - * * - - |
| * * * * 0 - * * * * |
| * * * * * 0 * 0 * * |
| * * * * * * 0 * * * |
| - * * * * * * * * * |
| - * * * - - - - * * |
| - * * * * * * * * * |
| - * * * * * - - - - |
| * * - * * * * * * * |
| * * - * * * * * * * |
- - - - - - - - - - - - 
Tempo gasto: 0
Best First Search: 
Caminho encontrado: (2, 7) (1, 6) (2, 5) (1, 4) 
Custo do caminho 4.24264
- - - - - - - - - - - - 
| * * * * * - * * - - |
| * * * * 0 - 0 * * * |
| * * * * * 0 * 0 * * |
| * * * * * * * * * * |
| - * * * * * * * * * |
| - * * * - - - - * * |
| - * * * * * * * * * |
| - * * * * * - - - - |
| * * - * * * * * * * |
| * * - * * * * * * * |
- - - - - - - - - - - - 
Tempo gasto: 0
Busca A*:
Caminho encontrado: (2, 7) (2, 6) (2, 5) (1, 4) 
Custo do caminho 3.4142
- - - - - - - - - - - - 
| * * * * * - * * - - |
| * * * * 0 - * * * * |
| * * * * * 0 0 0 * * |
| * * * * * * * * * * |
| - * * * * * * * * * |
| - * * * - - - - * * |
| - * * * * * * * * * |
| - * * * * * - - - - |
| * * - * * * * * * * |
| * * - * * * * * * * |
- - - - - - - - - - - - 
Tempo gasto: 0
Busca em profundidade: 
Caminho encontrado: (4, 7) (3, 7) (2, 7) (1, 7) (0, 7) (1, 8) (1, 9) (2, 9) (3, 9) (4, 9) (4, 8) (5, 7) (6, 8) (6, 9) (7, 9) (8, 9) (9, 9) (9, 8) (8, 8) (7, 8) (8, 7) (7, 7) (6, 7) (7, 6) (6, 6) (5, 6) (4, 6) (3, 6) (4, 5) (3, 5) (2, 5) (1, 6) (0, 6) (0, 5) (0, 4) (0, 3) (0, 2) (1, 1) (0, 1) (1, 0) (0, 0) 
Custo do caminho 43.7279
- - - - - - - - - - - - 
| 0 0 0 0 0 0 0 0 - - |
| 0 0 - - - - 0 0 0 0 |
| * - * * * 0 - 0 * 0 |
| * * - * * 0 0 0 * 0 |
| * * - * * 0 0 0 0 0 |
| * * - * * * 0 0 - - |
| - * - * * * 0 0 0 0 |
| - * - * * * 0 0 0 0 |
| - * * * * * * 0 0 0 |
| - * - - - - * * 0 0 |
- - - - - - - - - - - - 
Tempo gasto: 0
Busca em largura: 
Caminho encontrado: (4, 7) (5, 6) (5, 5) (4, 4) (3, 3) (2, 2) (1, 1) (0, 0) 
Custo do caminho 9.48528
- - - - - - - - - - - - 
| 0 * * * * * * * - - |
| * 0 - - - - * * * * |
| * - 0 * * * - * * * |
| * * - 0 * * * * * * |
| * * - * 0 * * 0 * * |
| * * - * * 0 0 * - - |
| - * - * * * * * * * |
| - * - * * * * * * * |
| - * * * * * * * * * |
| - * - - - - * * * * |
- - - - - - - - - - - - 
Tempo gasto: 0
Best First Search: 
Caminho encontrado: (4, 7) (3, 6) (2, 5) (2, 4) (2, 3) (2, 2) (1, 1) (0, 0) 
Custo do caminho 8.65685
- - - - - - - - - - - - 
| 0 * * * * * * * - - |
| * 0 - - - - * * * * |
| * - 0 0 0 0 - * * * |
| * * - * * * 0 * * * |
| * * - * * * * 0 * * |
| * * - * * * * * - - |
| - * - * * * * * * * |
| - * - * * * * * * * |
| - * * * * * * * * * |
| - * - - - - * * * * |
- - - - - - - - - - - - 
Tempo gasto: 0
Busca A*:
Caminho encontrado: (4, 7) (3, 6) (2, 5) (2, 4) (2, 3) (2, 2) (1, 1) (0, 0) 
Custo do caminho 8.6569
- - - - - - - - - - - - 
| 0 * * * * * * * - - |
| * 0 - - - - * * * * |
| * - 0 0 0 0 - * * * |
| * * - * * * 0 * * * |
| * * - * * * * 0 * * |
| * * - * * * * * - - |
| - * - * * * * * * * |
| - * - * * * * * * * |
| - * * * * * * * * * |
| - * - - - - * * * * |
- - - - - - - - - - - - 
Tempo gasto: 0
Busca em profundidade: 
Caminho encontrado: (8, 2) (7, 2) (6, 2) (5, 2) (4, 2) (3, 2) (2, 2) (1, 2) (0, 2) (0, 3) (0, 4) (0, 5) (0, 6) (0, 7) (0, 8) (0, 9) (1, 9) (2, 9) (3, 9) 
Custo do caminho 18
- - - - - - - - - - - - 
| * * 0 0 0 0 0 0 0 0 |
| * * 0 * * * * * - 0 |
| * * 0 - - - - * - 0 |
| * * 0 * * * * * - 0 |
| * * 0 * * * * * - * |
| * * 0 - * * * * * * |
| * * 0 - * * * * * * |
| * * 0 - * * * * * * |
| * * 0 - * * - - - - |
| * * * * * * * * * * |
- - - - - - - - - - - - 
Tempo gasto: 0
Busca em largura: 
Caminho encontrado: (8, 2) (9, 3) (8, 4) (7, 5) (6, 6) (5, 7) (5, 8) (4, 9) (3, 9) 
Custo do caminho 10.4853
- - - - - - - - - - - - 
| * * * * * * * * * * |
| * * * * * * * * - * |
| * * * - - - - * - * |
| * * * * * * * * - 0 |
| * * * * * * * * - 0 |
| * * * - * * * 0 0 * |
| * * * - * * 0 * * * |
| * * * - * 0 * * * * |
| * * 0 - 0 * - - - - |
| * * * 0 * * * * * * |
- - - - - - - - - - - - 
Tempo gasto: 0
Best First Search: 
Caminho encontrado: (8, 2) (9, 3) (8, 4) (7, 5) (6, 6) (5, 7) (5, 8) (4, 9) (3, 9) 
Custo do caminho 10.4853
- - - - - - - - - - - - 
| * * * * * * * * * * |
| * * * * * * * * - * |
| * * * - - - - * - * |
| * * * * * * * * - 0 |
| * * * * * * * * - 0 |
| * * * - * * * 0 0 * |
| * * * - * * 0 * * * |
| * * * - * 0 * * * * |
| * * 0 - 0 * - - - - |
| * * * 0 * * * * * * |
- - - - - - - - - - - - 
Tempo gasto: 0
Busca A*:
Caminho encontrado: (8, 2) (7, 2) (6, 2) (5, 2) (4, 3) (4, 4) (4, 5) (4, 6) (3, 7) (2, 7) (1, 7) (0, 8) (1, 9) (2, 9) (3, 9) 
Custo do caminho 15.6569
- - - - - - - - - - - - 
| * * * * * * * * 0 * |
| * * * * * * * 0 - 0 |
| * * * - - - - 0 - 0 |
| * * * * * * * 0 - 0 |
| * * * 0 0 0 0 * - * |
| * * 0 - * * * * * * |
| * * 0 - * * * * * * |
| * * 0 - * * * * * * |
| * * 0 - * * - - - - |
| * * * * * * * * * * |
- - - - - - - - - - - - 
Tempo gasto: 0
Busca em profundidade: 
Caminho encontrado: (2, 8) (1, 8) (0, 8) (0, 9) (1, 9) (2, 9) (3, 9) (3, 8) (3, 7) (2, 7) (1, 7) (0, 7) (1, 6) (0, 6) (1, 5) (0, 5) (1, 4) (2, 5) (2, 6) (3, 6) (4, 6) (5, 7) (5, 8) (5, 9) (6, 9) (6, 8) (7, 7) (6, 7) (7, 6) (6, 6) (5, 6) (6, 5) (5, 5) (4, 5) (3, 5) (4, 4) (3, 4) (2, 4) (3, 3) (2, 3) (3, 2) (2, 2) (1, 2) (0, 2) (0, 1) (1, 0) (2, 0) (3, 0) (4, 0) (5, 1) (4, 2) (4, 3) (5, 3) (6, 3) (7, 3) (8, 3) (9, 3) (9, 2) (8, 2) (9, 1) (8, 1) 
Custo do caminho 66.2132
- - - - - - - - - - - - 
| * 0 0 - * 0 0 0 0 0 |
| 0 - 0 - 0 0 0 0 0 0 |
| 0 - 0 0 0 0 0 0 0 0 |
| 0 - 0 0 0 0 0 0 0 0 |
| 0 - 0 0 0 0 0 - - - |
| * 0 * 0 - 0 0 0 0 0 |
| * * * 0 - 0 0 0 0 0 |
| * - - 0 - * 0 0 - - |
| * 0 0 0 - * - * * * |
| * 0 0 0 - * - * * * |
- - - - - - - - - - - - 
Tempo gasto: 0
Busca em largura: 
Caminho encontrado: (2, 8) (3, 7) (4, 6) (5, 5) (4, 4) (5, 3) (6, 3) (7, 3) (8, 2) (8, 1) 
Custo do caminho 11.4853
- - - - - - - - - - - - 
| * * * - * * * * * * |
| * - * - * * * * * * |
| * - * * * * * * 0 * |
| * - * * * * * 0 * * |
| * - * * 0 * 0 - - - |
| * * * 0 - 0 * * * * |
| * * * 0 - * * * * * |
| * - - 0 - * * * - - |
| * 0 0 * - * - * * * |
| * * * * - * - * * * |
- - - - - - - - - - - - 
Tempo gasto: 0
Best First Search: 
Caminho encontrado: (2, 8) (2, 7) (3, 6) (4, 5) (4, 4) (5, 3) (6, 3) (7, 3) (8, 2) (8, 1) 
Custo do caminho 10.6569
- - - - - - - - - - - - 
| * * * - * * * * * * |
| * - * - * * * * * * |
| * - * * * * * 0 0 * |
| * - * * * * 0 * * * |
| * - * * 0 0 * - - - |
| * * * 0 - * * * * * |
| * * * 0 - * * * * * |
| * - - 0 - * * * - - |
| * 0 0 * - * - * * * |
| * * * * - * - * * * |
- - - - - - - - - - - - 
Tempo gasto: 0
Busca A*:
Caminho encontrado: (2, 8) (3, 7) (4, 6) (4, 5) (4, 4) (5, 3) (5, 2) (5, 1) (6, 0) (7, 0) (8, 1) 
Custo do caminho 12.0711
- - - - - - - - - - - - 
| * * * - * * * * * * |
| * - * - * * * * * * |
| * - * * * * * * 0 * |
| * - * * * * * 0 * * |
| * - * * 0 0 0 - - - |
| * 0 0 0 - * * * * * |
| 0 * * * - * * * * * |
| 0 - - * - * * * - - |
| * 0 * * - * - * * * |
| * * * * - * - * * * |
- - - - - - - - - - - - 
Tempo gasto: 0
Busca em profundidade: 
Caminho encontrado: (2, 1) (1, 1) (0, 1) (0, 2) (0, 3) (1, 3) (2, 3) (3, 3) (4, 3) (5, 3) (6, 4) (5, 5) (4, 5) (3, 5) (2, 5) (1, 5) (0, 5) (0, 6) (1, 6) (2, 6) (3, 7) (2, 8) (1, 8) (0, 8) (0, 9) (1, 9) 
Custo do caminho 26.6569
- - - - - - - - - - - - 
| * 0 0 0 - 0 0 - 0 0 |
| * 0 * 0 - 0 0 - 0 0 |
| * 0 * 0 - 0 0 - 0 * |
| * * * 0 - 0 * 0 * * |
| - * * 0 - 0 * * * * |
| - * * 0 - 0 * * * * |
| - * * * 0 * * * * * |
| - * * * * * * * * - |
| * * * * * * * * * * |
| * - - - - - * * * * |
- - - - - - - - - - - - 
Tempo gasto: 0
Busca em largura: 
Caminho encontrado: (2, 1) (3, 2) (4, 3) (5, 3) (6, 4) (5, 5) (4, 6) (3, 7) (2, 8) (1, 9) 
Custo do caminho 12.3137
- - - - - - - - - - - - 
| * * * * - * * - * * |
| * * * * - * * - * 0 |
| * 0 * * - * * - 0 * |
| * * 0 * - * * 0 * * |
| - * * 0 - * 0 * * * |
| - * * 0 - 0 * * * * |
| - * * * 0 * * * * * |
| - * * * * * * * * - |
| * * * * * * * * * * |
| * - - - - - * * * * |
- - - - - - - - - - - - 
Tempo gasto: 0
Best First Search: 
Caminho encontrado: (2, 1) (3, 2) (4, 3) (5, 3) (6, 4) (5, 5) (4, 6) (3, 7) (2, 8) (1, 9) 
Custo do caminho 12.3137
- - - - - - - - - - - - 
| * * * * - * * - * * |
| * * * * - * * - * 0 |
| * 0 * * - * * - 0 * |
| * * 0 * - * * 0 * * |
| - * * 0 - * 0 * * * |
| - * * 0 - 0 * * * * |
| - * * * 0 * * * * * |
| - * * * * * * * * - |
| * * * * * * * * * * |
| * - - - - - * * * * |
- - - - - - - - - - - - 
Tempo gasto: 0
Busca A*:
Caminho encontrado: (2, 1) (3, 2) (4, 3) (5, 3) (6, 4) (5, 5) (4, 6) (3, 7) (2, 8) (1, 9) 
Custo do caminho 12.3137
- - - - - - - - - - - - 
| * * * * - * * - * * |
| * * * * - * * - * 0 |
| * 0 * * - * * - 0 * |
| * * 0 * - * * 0 * * |
| - * * 0 - * 0 * * * |
| - * * 0 - 0 * * * * |
| - * * * 0 * * * * * |
| - * * * * * * * * - |
| * * * * * * * * * * |
| * - - - - - * * * * |
- - - - - - - - - - - - 
Tempo gasto: 0
Busca em profundidade: 
Caminho encontrado: (9, 8) (8, 8) (7, 8) (6, 8) (5, 8) (4, 8) (3, 8) (2, 8) (1, 8) (0, 7) (1, 6) (0, 6) (1, 5) (0, 5) (1, 4) (0, 4) (1, 3) 
Custo do caminho 18.0711
- - - - - - - - - - - - 
| * * * * 0 0 0 0 - - |
| * * * 0 0 0 0 - 0 * |
| * * * - * * * - 0 * |
| * - * - * * * - 0 - |
| * - * - * * * - 0 - |
| * - * - * - * - 0 - |
| * - * * * - * - 0 - |
| * * * * * - * - 0 - |
| * * * * * - * * 0 * |
| * * * * * - * * 0 * |
- - - - - - - - - - - - 
Tempo gasto: 0
Busca em largura: 
Caminho encontrado: (9, 8) (8, 7) (7, 6) (6, 6) (5, 6) (4, 6) (3, 5) (2, 4) (1, 3) 
Custo do caminho 10.0711
- - - - - - - - - - - - 
| * * * * * * * * - - |
| * * * 0 * * * - * * |
| * * * - 0 * * - * * |
| * - * - * 0 * - * - |
| * - * - * * 0 - * - |
| * - * - * - 0 - * - |
| * - * * * - 0 - * - |
| * * * * * - 0 - * - |
| * * * * * - * 0 * * |
| * * * * * - * * 0 * |
- - - - - - - - - - - - 
Tempo gasto: 0
Best First Search: 
Caminho encontrado: (9, 8) (8, 7) (7, 6) (6, 6) (5, 6) (4, 5) (3, 4) (2, 4) (1, 3) 
Custo do caminho 10.0711
- - - - - - - - - - - - 
| * * * * * * * * - - |
| * * * 0 * * * - * * |
| * * * - 0 * * - * * |
| * - * - 0 * * - * - |
| * - * - * 0 * - * - |
| * - * - * - 0 - * - |
| * - * * * - 0 - * - |
| * * * * * - 0 - * - |
| * * * * * - * 0 * * |
| * * * * * - * * 0 * |
- - - - - - - - - - - - 
Tempo gasto: 0
Busca A*:
Caminho encontrado: (9, 8) (8, 7) (7, 6) (6, 6) (5, 6) (4, 5) (3, 4) (2, 4) (1, 3) 
Custo do caminho 10.0711
- - - - - - - - - - - - 
| * * * * * * * * - - |
| * * * 0 * * * - * * |
| * * * - 0 * * - * * |
| * - * - 0 * * - * - |
| * - * - * 0 * - * - |
| * - * - * - 0 - * - |
| * - * * * - 0 - * - |
| * * * * * - 0 - * - |
| * * * * * - * 0 * * |
| * * * * * - * * 0 * |
- - - - - - - - - - - - 
Tempo gasto: 0
Busca em profundidade: 
Caminho encontrado: (9, 2) (8, 3) (7, 3) (6, 3) (5, 3) (4, 3) (3, 3) (4, 2) (3, 2) (2, 2) (1, 2) (0, 2) (1, 1) 
Custo do caminho 13.2426
- - - - - - - - - - - - 
| * * 0 - * * * * * * |
| * 0 0 - * * * * * * |
| * * 0 - * - * * * * |
| * * 0 0 * - * * * * |
| * * 0 0 * - * - - - |
| * * - 0 * - * * * * |
| - * - 0 * - * * * * |
| - * - 0 * - * * - - |
| - * - 0 * - * * * * |
| - * 0 - - * - - - - |
- - - - - - - - - - - - 
Tempo gasto: 0
Busca em largura: 
Caminho encontrado: (9, 2) (8, 3) (7, 3) (6, 3) (5, 3) (4, 3) (3, 3) (2, 2) (1, 1) 
Custo do caminho 9.24264
- - - - - - - - - - - - 
| * * * - * * * * * * |
| * 0 * - * * * * * * |
| * * 0 - * - * * * * |
| * * * 0 * - * * * * |
| * * * 0 * - * - - - |
| * * - 0 * - * * * * |
| - * - 0 * - * * * * |
| - * - 0 * - * * - - |
| - * - 0 * - * * * * |
| - * 0 - - * - - - - |
- - - - - - - - - - - - 
Tempo gasto: 0
Best First Search: 
Caminho encontrado: (9, 2) (8, 1) (7, 1) (6, 1) (5, 0) (4, 0) (3, 0) (2, 0) (1, 1) 
Custo do caminho 9.24264
- - - - - - - - - - - - 
| * * * - * * * * * * |
| * 0 * - * * * * * * |
| 0 * * - * - * * * * |
| 0 * * * * - * * * * |
| 0 * * * * - * - - - |
| 0 * - * * - * * * * |
| - 0 - * * - * * * * |
| - 0 - * * - * * - - |
| - 0 - * * - * * * * |
| - * 0 - - * - - - - |
- - - - - - - - - - - - 
Tempo gasto: 0
Busca A*:
Caminho encontrado: (9, 2) (8, 1) (7, 1) (6, 1) (5, 1) (4, 1) (3, 1) (2, 1) (1, 1) 
Custo do caminho 8.4142
- - - - - - - - - - - - 
| * * * - * * * * * * |
| * 0 * - * * * * * * |
| * 0 * - * - * * * * |
| * 0 * * * - * * * * |
| * 0 * * * - * - - - |
| * 0 - * * - * * * * |
| - 0 - * * - * * * * |
| - 0 - * * - * * - - |
| - 0 - * * - * * * * |
| - * 0 - - * - - - - |
- - - - - - - - - - - - 
Tempo gasto: 0
Busca em profundidade: 
Caminho encontrado: (7, 2) (6, 2) (5, 2) (4, 2) (3, 2) (2, 2) (1, 2) (0, 2) (0, 3) (1, 3) (2, 3) (3, 3) (4, 4) (3, 5) (2, 5) (1, 5) (2, 6) (1, 7) (0, 7) (0, 8) (0, 9) (1, 9) (2, 9) (3, 9) (4, 9) (5, 9) (6, 9) (7, 9) (8, 9) (9, 9) (9, 8) (8, 8) (8, 7) (7, 7) (6, 7) (5, 7) (4, 7) (5, 6) (6, 6) (7, 6) (8, 6) (9, 6) (8, 5) (9, 4) (8, 4) (7, 4) (6, 4) (5, 4) (6, 3) (7, 3) (8, 3) (9, 3) (9, 2) (8, 2) (9, 1) (8, 1) (7, 1) (6, 1) (5, 1) (4, 1) (3, 1) (2, 1) (1, 1) (0, 1) (1, 0) (2, 0) (3, 0) (4, 0) (5, 0) (6, 0) (7, 0) (8, 0) (9, 0) 
Custo do caminho 76.1421
- - - - - - - - - - - - 
| * 0 0 0 - * - 0 0 0 |
| 0 0 0 0 - 0 - 0 * 0 |
| 0 0 0 0 - 0 0 * - 0 |
| 0 0 0 0 - 0 - * - 0 |
| 0 0 0 * 0 - - 0 - 0 |
| 0 0 0 * 0 - 0 0 - 0 |
| 0 0 0 0 0 - 0 0 - 0 |
| 0 0 0 0 0 - 0 0 - 0 |
| 0 0 0 0 0 0 0 0 0 0 |
| 0 0 0 0 0 - 0 - 0 0 |
- - - - - - - - - - - - 
Tempo gasto: 0
Busca em largura: 
Caminho encontrado: (7, 2) (8, 1) (9, 0) 
Custo do caminho 2.82843
- - - - - - - - - - - - 
| * * * * - * - * * * |
| * * * * - * - * * * |
| * * * * - * * * - * |
| * * * * - * - * - * |
| * * * * * - - * - * |
| * * * * * - * * - * |
| * * * * * - * * - * |
| * * 0 * * - * * - * |
| * 0 * * * * * * * * |
| 0 * * * * - * - * * |
- - - - - - - - - - - - 
Tempo gasto: 0
Best First Search: 
Caminho encontrado: (7, 2) (8, 1) (9, 0) 
Custo do caminho 2.82843
- - - - - - - - - - - - 
| * * * * - * - * * * |
| * * * * - * - * * * |
| * * * * - * * * - * |
| * * * * - * - * - * |
| * * * * * - - * - * |
| * * * * * - * * - * |
| * * * * * - * * - * |
| * * 0 * * - * * - * |
| * 0 * * * * * * * * |
| 0 * * * * - * - * * |
- - - - - - - - - - - - 
Tempo gasto: 0
Busca A*:
Caminho encontrado: (7, 2) (8, 1) (9, 0) 
Custo do caminho 2.8284
- - - - - - - - - - - - 
| * * * * - * - * * * |
| * * * * - * - * * * |
| * * * * - * * * - * |
| * * * * - * - * - * |
| * * * * * - - * - * |
| * * * * * - * * - * |
| * * * * * - * * - * |
| * * 0 * * - * * - * |
| * 0 * * * * * * * * |
| 0 * * * * - * - * * |
- - - - - - - - - - - - 
Tempo gasto: 0
Busca em profundidade: 
Caminho encontrado: (4, 4) (3, 4) (2, 4) (1, 4) (0, 4) (0, 5) (0, 6) (0, 7) (0, 8) (0, 9) 
Custo do caminho 9
- - - - - - - - - - - - 
| * * * * 0 0 0 0 0 0 |
| * * * * 0 * * * * * |
| * * * * 0 - * * * * |
| - * - * 0 - * * * * |
| - * - * 0 - * * * * |
| - * - * * - * * * - |
| - * - * * * * * * - |
| - * * * * * * * * - |
| - * * * * * * * * - |
| - * * * * * * * * - |
- - - - - - - - - - - - 
Tempo gasto: 0
Busca em largura: 
Caminho encontrado: (4, 4) (3, 4) (2, 4) (1, 5) (0, 6) (0, 7) (0, 8) (0, 9) 
Custo do caminho 7.82843
- - - - - - - - - - - - 
| * * * * * * 0 0 0 0 |
| * * * * * 0 * * * * |
| * * * * 0 - * * * * |
| - * - * 0 - * * * * |
| - * - * 0 - * * * * |
| - * - * * - * * * - |
| - * - * * * * * * - |
| - * * * * * * * * - |
| - * * * * * * * * - |
| - * * * * * * * * - |
- - - - - - - - - - - - 
Tempo gasto: 0
Best First Search: 
Caminho encontrado: (4, 4) (5, 4) (6, 5) (5, 6) (4, 6) (3, 6) (2, 7) (1, 8) (0, 9) 
Custo do caminho 10.0711
- - - - - - - - - - - - 
| * * * * * * * * * 0 |
| * * * * * * * * 0 * |
| * * * * * - * 0 * * |
| - * - * * - 0 * * * |
| - * - * 0 - 0 * * * |
| - * - * 0 - 0 * * - |
| - * - * * 0 * * * - |
| - * * * * * * * * - |
| - * * * * * * * * - |
| - * * * * * * * * - |
- - - - - - - - - - - - 
Tempo gasto: 0
Busca A*:
Caminho encontrado: (4, 4) (3, 4) (2, 4) (1, 5) (1, 6) (1, 7) (1, 8) (0, 9) 
Custo do caminho 7.8284
- - - - - - - - - - - - 
| * * * * * * * * * 0 |
| * * * * * 0 0 0 0 * |
| * * * * 0 - * * * * |
| - * - * 0 - * * * * |
| - * - * 0 - * * * * |
| - * - * * - * * * - |
| - * - * * * * * * - |
| - * * * * * * * * - |
| - * * * * * * * * - |
| - * * * * * * * * - |
- - - - - - - - - - - - 
Tempo gasto: 0
Media Busca em Profundidade: 0.000000
Media Busca em Largura: 0.001563
Media Best First Search: 0.000000
Media Busca A*: 0.000000
